{
  "stats": {
    "suites": 21,
    "tests": 32,
    "passes": 32,
    "pending": 0,
    "failures": 0,
    "testsRegistered": 32,
    "passPercent": 100,
    "pendingPercent": 0,
    "other": 0,
    "hasOther": false,
    "skipped": 0,
    "hasSkipped": false,
    "start": "2025-04-10T21:44:27.839Z",
    "end": "2025-04-10T21:47:38.540Z",
    "duration": 190701
  },
  "results": [
    {
      "uuid": "cfdf4d13-f644-482c-b20d-0b2f23a99cb2",
      "title": "",
      "fullFile": "cypress\\e2e\\automation-test-store\\add-multiple-items-to-busket.js",
      "file": "cypress\\e2e\\automation-test-store\\add-multiple-items-to-busket.js",
      "beforeHooks": [],
      "afterHooks": [],
      "tests": [],
      "suites": [
        {
          "uuid": "2661c3ab-be32-4582-90a3-7e0dc7d2cfab",
          "title": "Add multiples items to busket",
          "fullFile": "",
          "file": "",
          "beforeHooks": [],
          "afterHooks": [],
          "tests": [
            {
              "title": "Add specific items to busket",
              "fullTitle": "Add multiples items to busket Add specific items to busket",
              "timedOut": null,
              "duration": 9110,
              "state": "passed",
              "speed": "medium",
              "pass": true,
              "fail": false,
              "pending": false,
              "context": null,
              "code": "cy.get('@product').then(product => {\n  product.productName.forEach(element => {\n    add_items.Add_hairCare_items_to_basket(element);\n  });\n});\ncy.get('.dropdown-toggle > .fa').click().debug();",
              "err": {},
              "uuid": "44a01b02-9eb1-4261-8f3d-252e99011796",
              "parentUUID": "2661c3ab-be32-4582-90a3-7e0dc7d2cfab",
              "isHook": false,
              "skipped": false
            }
          ],
          "suites": [],
          "passes": [
            "44a01b02-9eb1-4261-8f3d-252e99011796"
          ],
          "failures": [],
          "pending": [],
          "skipped": [],
          "duration": 9110,
          "root": false,
          "rootEmpty": false,
          "_timeout": 2000
        }
      ],
      "passes": [],
      "failures": [],
      "pending": [],
      "skipped": [],
      "duration": 0,
      "root": true,
      "rootEmpty": true,
      "_timeout": 2000
    },
    {
      "uuid": "845e7dd3-c589-424d-a2fc-080691bd3b6b",
      "title": "",
      "fullFile": "cypress\\e2e\\automation-test-store\\alias-invoke.js",
      "file": "cypress\\e2e\\automation-test-store\\alias-invoke.js",
      "beforeHooks": [],
      "afterHooks": [],
      "tests": [],
      "suites": [
        {
          "uuid": "248ce03a-0ee9-4845-873d-1342cf7a83b4",
          "title": "Alias adn invoke",
          "fullFile": "",
          "file": "",
          "beforeHooks": [],
          "afterHooks": [],
          "tests": [
            {
              "title": "calculate total of normal and sale products",
              "fullTitle": "Alias adn invoke calculate total of normal and sale products",
              "timedOut": null,
              "duration": 4306,
              "state": "passed",
              "speed": "fast",
              "pass": true,
              "fail": false,
              "pending": false,
              "context": null,
              "code": "cy.visit('https://automationteststore.com');\n// cy.get('@thumbnailClass').find('.oneprice').each(($el, index, $list) => {\n//     cy.log($el.text());\n// });\ncy.get('.thumbnail').find('.oneprice').invoke('text').as('itemPrice');\ncy.get('.thumbnail').find('.pricenew').invoke('text').as('saleItemPrice');\ncy.get('.thumbnail').find('.priceold').invoke('text').as('saleOldItemPrice');\nvar itemsTotal = 0;\ncy.get('@saleItemPrice').then($linkText => {\n  var itemsPrice = 0;\n  var itemPrice = $linkText.split('$');\n  var i;\n  for (i = 0; i < itemPrice.length; i++) {\n    cy.log(itemPrice[i]);\n    itemsPrice += Number(itemPrice[i]);\n  }\n  itemsTotal += itemsPrice;\n  cy.log('Total price of on sale items: ' + itemsPrice);\n});\ncy.get('@itemPrice').then($linkText => {\n  var itemsPrice = 0;\n  var itemPrice = $linkText.split('$');\n  var i;\n  for (i = 0; i < itemPrice.length; i++) {\n    cy.log(itemPrice[i]);\n    itemsPrice += Number(itemPrice[i]);\n  }\n  itemsTotal += itemsPrice;\n  cy.log('Total price of normal items: ' + itemsPrice);\n}).then(() => {\n  cy.log('Total price of all products: ' + itemsTotal);\n  expect(itemsTotal).to.equal(573.5);\n});",
              "err": {},
              "uuid": "65c8baff-89f0-4a46-809f-98860086848b",
              "parentUUID": "248ce03a-0ee9-4845-873d-1342cf7a83b4",
              "isHook": false,
              "skipped": false
            }
          ],
          "suites": [],
          "passes": [
            "65c8baff-89f0-4a46-809f-98860086848b"
          ],
          "failures": [],
          "pending": [],
          "skipped": [],
          "duration": 4306,
          "root": false,
          "rootEmpty": false,
          "_timeout": 2000
        }
      ],
      "passes": [],
      "failures": [],
      "pending": [],
      "skipped": [],
      "duration": 0,
      "root": true,
      "rootEmpty": true,
      "_timeout": 2000
    },
    {
      "uuid": "f697e6ea-96a0-47c3-ad61-945a9732f5bc",
      "title": "",
      "fullFile": "cypress\\e2e\\automation-test-store\\contact-us.js",
      "file": "cypress\\e2e\\automation-test-store\\contact-us.js",
      "beforeHooks": [],
      "afterHooks": [],
      "tests": [],
      "suites": [
        {
          "uuid": "215472a3-17a3-4ad8-9b07-084f3c188aa1",
          "title": "Test contact us form via automation test store",
          "fullFile": "",
          "file": "",
          "beforeHooks": [],
          "afterHooks": [],
          "tests": [
            {
              "title": "Should be able to submit a successful submission via contact us form",
              "fullTitle": "Test contact us form via automation test store Should be able to submit a successful submission via contact us form",
              "timedOut": null,
              "duration": 10123,
              "state": "passed",
              "speed": "slow",
              "pass": true,
              "fail": false,
              "pending": false,
              "context": null,
              "code": "cy.get('@user').then(user => {\n  cy.get('#ContactUsFrm_first_name').type(user.first_name);\n  cy.get('#ContactUsFrm_email').type(user.email);\n});\ncy.get('#ContactUsFrm_email').should('have.attr', 'name', 'email');\ncy.get('#ContactUsFrm_enquiry').type(\"i just loved the website\");\ncy.get(\"button[title='Submit']\").click();\ncy.get('.mb40 > :nth-child(3)').should('have.text', 'Your enquiry has been successfully sent to the store owner!');",
              "err": {},
              "uuid": "239e1623-4bb2-4ed9-a5cf-600e83cb35c4",
              "parentUUID": "215472a3-17a3-4ad8-9b07-084f3c188aa1",
              "isHook": false,
              "skipped": false
            }
          ],
          "suites": [],
          "passes": [
            "239e1623-4bb2-4ed9-a5cf-600e83cb35c4"
          ],
          "failures": [],
          "pending": [],
          "skipped": [],
          "duration": 10123,
          "root": false,
          "rootEmpty": false,
          "_timeout": 2000
        }
      ],
      "passes": [],
      "failures": [],
      "pending": [],
      "skipped": [],
      "duration": 0,
      "root": true,
      "rootEmpty": true,
      "_timeout": 2000
    },
    {
      "uuid": "25f02be4-2b5a-45ad-a452-9bb90a871755",
      "title": "",
      "fullFile": "cypress\\e2e\\automation-test-store\\hair-care.js",
      "file": "cypress\\e2e\\automation-test-store\\hair-care.js",
      "beforeHooks": [],
      "afterHooks": [],
      "tests": [],
      "suites": [
        {
          "uuid": "281ace94-6604-4b61-8821-cf20bab11d47",
          "title": "Verifying iteration with 'each' ",
          "fullFile": "",
          "file": "",
          "beforeHooks": [],
          "afterHooks": [],
          "tests": [
            {
              "title": "Navigating to hair care page",
              "fullTitle": "Verifying iteration with 'each'  Navigating to hair care page",
              "timedOut": null,
              "duration": 5284,
              "state": "passed",
              "speed": "medium",
              "pass": true,
              "fail": false,
              "pending": false,
              "context": null,
              "code": "cy.get('.fixed_wrapper .prdocutname').each(($el, index, $list) => {\n  cy.log(\"index -  \" + index + \": \" + $el.text());\n});",
              "err": {},
              "uuid": "8250c55a-2f95-44a9-a6cb-b3319666142b",
              "parentUUID": "281ace94-6604-4b61-8821-cf20bab11d47",
              "isHook": false,
              "skipped": false
            },
            {
              "title": "Will add specific item to basket",
              "fullTitle": "Verifying iteration with 'each'  Will add specific item to basket",
              "timedOut": null,
              "duration": 2481,
              "state": "passed",
              "speed": "fast",
              "pass": true,
              "fail": false,
              "pending": false,
              "context": null,
              "code": "cy.selectProduct('Curls to straight');\ncy.selectProduct('Seaweed Conditioner');",
              "err": {},
              "uuid": "c5e01444-2ac3-492c-bdb1-5c6be3b053f0",
              "parentUUID": "281ace94-6604-4b61-8821-cf20bab11d47",
              "isHook": false,
              "skipped": false
            },
            {
              "title": "Will add specific item to basket",
              "fullTitle": "Verifying iteration with 'each'  Will add specific item to basket",
              "timedOut": null,
              "duration": 2635,
              "state": "passed",
              "speed": "fast",
              "pass": true,
              "fail": false,
              "pending": false,
              "context": null,
              "code": "cy.selectProduct('Eau Parfumee au The Vert Shampoo');",
              "err": {},
              "uuid": "19bfdaef-a290-4a5e-9915-1fc12c4ae8cf",
              "parentUUID": "281ace94-6604-4b61-8821-cf20bab11d47",
              "isHook": false,
              "skipped": false
            }
          ],
          "suites": [],
          "passes": [
            "8250c55a-2f95-44a9-a6cb-b3319666142b",
            "c5e01444-2ac3-492c-bdb1-5c6be3b053f0",
            "19bfdaef-a290-4a5e-9915-1fc12c4ae8cf"
          ],
          "failures": [],
          "pending": [],
          "skipped": [],
          "duration": 10400,
          "root": false,
          "rootEmpty": false,
          "_timeout": 2000
        }
      ],
      "passes": [],
      "failures": [],
      "pending": [],
      "skipped": [],
      "duration": 0,
      "root": true,
      "rootEmpty": true,
      "_timeout": 2000
    },
    {
      "uuid": "cd5b2562-2b3a-4229-94f5-04ec93331bca",
      "title": "",
      "fullFile": "cypress\\e2e\\automation-test-store\\inspect-item.js",
      "file": "cypress\\e2e\\automation-test-store\\inspect-item.js",
      "beforeHooks": [],
      "afterHooks": [],
      "tests": [],
      "suites": [
        {
          "uuid": "fac2d83e-ffe2-415a-ae3d-db37f5ba6832",
          "title": "inspect an item",
          "fullFile": "",
          "file": "",
          "beforeHooks": [],
          "afterHooks": [],
          "tests": [
            {
              "title": "Should be able to inspect an item",
              "fullTitle": "inspect an item Should be able to inspect an item",
              "timedOut": null,
              "duration": 5149,
              "state": "passed",
              "speed": "medium",
              "pass": true,
              "fail": false,
              "pending": false,
              "context": null,
              "code": "cy.visit('https://automationteststore.com');\ncy.get(\"a[title*='Skinsheen']\").first().click().then(function (itemHeaderText) {\n  console.log(\"Selected item: \" + itemHeaderText.text());\n});",
              "err": {},
              "uuid": "6c33e2b8-83fc-4443-b189-b388ece2a1e5",
              "parentUUID": "fac2d83e-ffe2-415a-ae3d-db37f5ba6832",
              "isHook": false,
              "skipped": false
            },
            {
              "title": "Click on the first item using index",
              "fullTitle": "inspect an item Click on the first item using index",
              "timedOut": null,
              "duration": 6855,
              "state": "passed",
              "speed": "medium",
              "pass": true,
              "fail": false,
              "pending": false,
              "context": null,
              "code": "cy.visit(\"https://www.automationteststore.com/\");\ncy.get('.fixed_wrapper').find('.prdocutname').eq(0).click();",
              "err": {},
              "uuid": "154d0354-60b6-4b21-8b23-6c8bf9e7a2e8",
              "parentUUID": "fac2d83e-ffe2-415a-ae3d-db37f5ba6832",
              "isHook": false,
              "skipped": false
            }
          ],
          "suites": [],
          "passes": [
            "6c33e2b8-83fc-4443-b189-b388ece2a1e5",
            "154d0354-60b6-4b21-8b23-6c8bf9e7a2e8"
          ],
          "failures": [],
          "pending": [],
          "skipped": [],
          "duration": 12004,
          "root": false,
          "rootEmpty": false,
          "_timeout": 2000
        }
      ],
      "passes": [],
      "failures": [],
      "pending": [],
      "skipped": [],
      "duration": 0,
      "root": true,
      "rootEmpty": true,
      "_timeout": 2000
    },
    {
      "uuid": "99fe09c9-64c2-48e6-9850-d7c9268dc978",
      "title": "",
      "fullFile": "cypress\\e2e\\automation-test-store\\variable-and-cy-commands.js",
      "file": "cypress\\e2e\\automation-test-store\\variable-and-cy-commands.js",
      "beforeHooks": [],
      "afterHooks": [],
      "tests": [],
      "suites": [
        {
          "uuid": "edda48bb-abf5-4b00-a20e-0c6e84202f03",
          "title": "Verifying variables, cypress commands and jQuery commands",
          "fullFile": "",
          "file": "",
          "beforeHooks": [],
          "afterHooks": [],
          "tests": [
            {
              "title": "Validate properties of the contact us page",
              "fullTitle": "Verifying variables, cypress commands and jQuery commands Validate properties of the contact us page",
              "timedOut": null,
              "duration": 2621,
              "state": "passed",
              "speed": "fast",
              "pass": true,
              "fail": false,
              "pending": false,
              "context": null,
              "code": "cy.visit('https://automationteststore.com/index.php?rt=content/contact');\ncy.contains('#ContactUsFrm', 'Contact Us Form').find('#field_11').should('contain', 'First name');\ncy.contains('#ContactUsFrm', 'Contact Us Form').then(text => {\n  const firstNameText = text.find('#field_11').text();\n  expect(firstNameText).to.contain('First name');\n});",
              "err": {},
              "uuid": "be6b7d2d-f377-46e3-a7bb-3645ba204d12",
              "parentUUID": "edda48bb-abf5-4b00-a20e-0c6e84202f03",
              "isHook": false,
              "skipped": false
            }
          ],
          "suites": [],
          "passes": [
            "be6b7d2d-f377-46e3-a7bb-3645ba204d12"
          ],
          "failures": [],
          "pending": [],
          "skipped": [],
          "duration": 2621,
          "root": false,
          "rootEmpty": false,
          "_timeout": 2000
        }
      ],
      "passes": [],
      "failures": [],
      "pending": [],
      "skipped": [],
      "duration": 0,
      "root": true,
      "rootEmpty": true,
      "_timeout": 2000
    },
    {
      "uuid": "dc24e1e3-0d81-4ebd-86b8-6fef6638b739",
      "title": "",
      "fullFile": "cypress\\e2e\\other\\hooks.js",
      "file": "cypress\\e2e\\other\\hooks.js",
      "beforeHooks": [],
      "afterHooks": [],
      "tests": [],
      "suites": [
        {
          "uuid": "9d04d7b2-7f35-4206-91e1-bf7309a47794",
          "title": "Test file upload via webdriveruni",
          "fullFile": "",
          "file": "",
          "beforeHooks": [],
          "afterHooks": [],
          "tests": [
            {
              "title": "example test 1",
              "fullTitle": "Test file upload via webdriveruni example test 1",
              "timedOut": null,
              "duration": 75,
              "state": "passed",
              "speed": "fast",
              "pass": true,
              "fail": false,
              "pending": false,
              "context": null,
              "code": "cy.log(' example test 1');",
              "err": {},
              "uuid": "236100b6-607c-41c6-9800-ff1d0eb49054",
              "parentUUID": "9d04d7b2-7f35-4206-91e1-bf7309a47794",
              "isHook": false,
              "skipped": false
            },
            {
              "title": "example test 2",
              "fullTitle": "Test file upload via webdriveruni example test 2",
              "timedOut": null,
              "duration": 14,
              "state": "passed",
              "speed": "fast",
              "pass": true,
              "fail": false,
              "pending": false,
              "context": null,
              "code": "cy.log(' example test 2');",
              "err": {},
              "uuid": "e90a2b76-8cbd-4cef-9a98-415c9e1102d4",
              "parentUUID": "9d04d7b2-7f35-4206-91e1-bf7309a47794",
              "isHook": false,
              "skipped": false
            }
          ],
          "suites": [],
          "passes": [
            "236100b6-607c-41c6-9800-ff1d0eb49054",
            "e90a2b76-8cbd-4cef-9a98-415c9e1102d4"
          ],
          "failures": [],
          "pending": [],
          "skipped": [],
          "duration": 89,
          "root": false,
          "rootEmpty": false,
          "_timeout": 2000
        }
      ],
      "passes": [],
      "failures": [],
      "pending": [],
      "skipped": [],
      "duration": 0,
      "root": true,
      "rootEmpty": true,
      "_timeout": 2000
    },
    {
      "uuid": "2c3c5b4c-65b8-4ca8-8e54-348462254432",
      "title": "",
      "fullFile": "cypress\\e2e\\web-driver-university\\alerts.js",
      "file": "cypress\\e2e\\web-driver-university\\alerts.js",
      "beforeHooks": [],
      "afterHooks": [],
      "tests": [],
      "suites": [
        {
          "uuid": "7cf451f5-0ab1-4657-adb4-8739e346d4ed",
          "title": "Handle js alerts",
          "fullFile": "",
          "file": "",
          "beforeHooks": [],
          "afterHooks": [],
          "tests": [
            {
              "title": "Confirm js alert have the correct text",
              "fullTitle": "Handle js alerts Confirm js alert have the correct text",
              "timedOut": null,
              "duration": 4974,
              "state": "passed",
              "speed": "fast",
              "pass": true,
              "fail": false,
              "pending": false,
              "context": null,
              "code": "cy.visit(\"https://www.webdriveruniversity.com\");\ncy.get('#popup-alerts').invoke('removeAttr', 'target').click({\n  force: true\n});\ncy.get('#button1').click();\ncy.on('window:alert', str => {\n  expect(str).to.equal('I am an alert box!');\n});",
              "err": {},
              "uuid": "5a1c780d-6966-4a49-8782-b3d9671c9bf3",
              "parentUUID": "7cf451f5-0ab1-4657-adb4-8739e346d4ed",
              "isHook": false,
              "skipped": false
            },
            {
              "title": "Validate js confirm alert box correctly when clicking ok",
              "fullTitle": "Handle js alerts Validate js confirm alert box correctly when clicking ok",
              "timedOut": null,
              "duration": 614,
              "state": "passed",
              "speed": "fast",
              "pass": true,
              "fail": false,
              "pending": false,
              "context": null,
              "code": "cy.visit(\"https://www.webdriveruniversity.com\");\ncy.get('#popup-alerts').invoke('removeAttr', 'target').click({\n  force: true\n});\ncy.get('#button4').click();\ncy.on('window:confirm', str => {\n  return true;\n});\ncy.get('#confirm-alert-text').contains('You pressed OK!');",
              "err": {},
              "uuid": "8e2e0ff3-14d9-4b2b-93ca-a4d246fbbd96",
              "parentUUID": "7cf451f5-0ab1-4657-adb4-8739e346d4ed",
              "isHook": false,
              "skipped": false
            },
            {
              "title": "Validate js confirm alert box correctly when clicking cancel",
              "fullTitle": "Handle js alerts Validate js confirm alert box correctly when clicking cancel",
              "timedOut": null,
              "duration": 595,
              "state": "passed",
              "speed": "fast",
              "pass": true,
              "fail": false,
              "pending": false,
              "context": null,
              "code": "cy.visit(\"https://www.webdriveruniversity.com\");\ncy.get('#popup-alerts').invoke('removeAttr', 'target').click({\n  force: true\n});\ncy.get('#button4').click();\ncy.on('window:confirm', str => {\n  return false;\n});\ncy.get('#confirm-alert-text').contains('You pressed Cancel!');",
              "err": {},
              "uuid": "8e71a563-1f8a-4a9c-bfa6-fa464c6525b6",
              "parentUUID": "7cf451f5-0ab1-4657-adb4-8739e346d4ed",
              "isHook": false,
              "skipped": false
            },
            {
              "title": "Validate js confirm alert box correctly when using stub",
              "fullTitle": "Handle js alerts Validate js confirm alert box correctly when using stub",
              "timedOut": null,
              "duration": 614,
              "state": "passed",
              "speed": "fast",
              "pass": true,
              "fail": false,
              "pending": false,
              "context": null,
              "code": "cy.visit(\"https://www.webdriveruniversity.com\");\ncy.get('#popup-alerts').invoke('removeAttr', 'target').click({\n  force: true\n});\nconst stub = cy.stub();\ncy.on('window:confirm', stub);\ncy.get('#button4').click().then(() => {\n  expect(stub.getCall(0)).to.be.calledWith('Press a button!');\n}).then(() => {\n  cy.get('#confirm-alert-text').contains('You pressed OK!');\n});",
              "err": {},
              "uuid": "c0f86930-eea6-4be8-8baf-8a8074b12990",
              "parentUUID": "7cf451f5-0ab1-4657-adb4-8739e346d4ed",
              "isHook": false,
              "skipped": false
            }
          ],
          "suites": [],
          "passes": [
            "5a1c780d-6966-4a49-8782-b3d9671c9bf3",
            "8e2e0ff3-14d9-4b2b-93ca-a4d246fbbd96",
            "8e71a563-1f8a-4a9c-bfa6-fa464c6525b6",
            "c0f86930-eea6-4be8-8baf-8a8074b12990"
          ],
          "failures": [],
          "pending": [],
          "skipped": [],
          "duration": 6797,
          "root": false,
          "rootEmpty": false,
          "_timeout": 2000
        }
      ],
      "passes": [],
      "failures": [],
      "pending": [],
      "skipped": [],
      "duration": 0,
      "root": true,
      "rootEmpty": true,
      "_timeout": 2000
    },
    {
      "uuid": "04b93054-396c-42bd-ae4e-2286125b0783",
      "title": "",
      "fullFile": "cypress\\e2e\\web-driver-university\\autocomplete-textfield.js",
      "file": "cypress\\e2e\\web-driver-university\\autocomplete-textfield.js",
      "beforeHooks": [],
      "afterHooks": [],
      "tests": [],
      "suites": [
        {
          "uuid": "dac84578-fa7c-4fcb-b9ad-28e0f4470e22",
          "title": "Verify autocomplete textfield via webdriveruni",
          "fullFile": "",
          "file": "",
          "beforeHooks": [],
          "afterHooks": [],
          "tests": [
            {
              "title": "Check and validate autocomplete textfield with a specific item list",
              "fullTitle": "Verify autocomplete textfield via webdriveruni Check and validate autocomplete textfield with a specific item list",
              "timedOut": null,
              "duration": 6713,
              "state": "passed",
              "speed": "medium",
              "pass": true,
              "fail": false,
              "pending": false,
              "context": null,
              "code": "cy.visit(\"https://www.webdriveruniversity.com\");\ncy.get('#autocomplete-textfield').invoke('removeAttr', 'target').click({\n  force: true\n});\ncy.get('#myInput').type('A');\ncy.get('#myInputautocomplete-list > *').each(($el, index, $list) => {\n  const prod = $el.text();\n  const productToSelect = 'Avocado';\n  if (prod === productToSelect) {\n    $el.click();\n    cy.get('#submit-button').click();\n    cy.url().should('include', productToSelect);\n  }\n});\ncy.get('#myInput').clear().type('G');\ncy.get('#myInputautocomplete-list > *').each(($el, index, $list) => {\n  const prod = $el.text();\n  const productToSelect = 'Grapes';\n  if (prod === productToSelect) {\n    $el.click();\n    cy.get('#submit-button').click();\n    cy.url().should('include', productToSelect);\n  }\n});",
              "err": {},
              "uuid": "7caa3ac2-9be6-4c41-a4de-72ab96c2008e",
              "parentUUID": "dac84578-fa7c-4fcb-b9ad-28e0f4470e22",
              "isHook": false,
              "skipped": false
            }
          ],
          "suites": [],
          "passes": [
            "7caa3ac2-9be6-4c41-a4de-72ab96c2008e"
          ],
          "failures": [],
          "pending": [],
          "skipped": [],
          "duration": 6713,
          "root": false,
          "rootEmpty": false,
          "_timeout": 2000
        }
      ],
      "passes": [],
      "failures": [],
      "pending": [],
      "skipped": [],
      "duration": 0,
      "root": true,
      "rootEmpty": true,
      "_timeout": 2000
    },
    {
      "uuid": "3e9f19a5-54f3-4071-bd6e-66a5a2265050",
      "title": "",
      "fullFile": "cypress\\e2e\\web-driver-university\\browser-navigation.js",
      "file": "cypress\\e2e\\web-driver-university\\browser-navigation.js",
      "beforeHooks": [],
      "afterHooks": [],
      "tests": [],
      "suites": [
        {
          "uuid": "a7c1ca11-029e-430d-ac03-150e361ea51f",
          "title": "Validate webdriveruni homepage links",
          "fullFile": "",
          "file": "",
          "beforeHooks": [],
          "afterHooks": [],
          "tests": [
            {
              "title": "Confirm links redirect to teh correct page",
              "fullTitle": "Validate webdriveruni homepage links Confirm links redirect to teh correct page",
              "timedOut": null,
              "duration": 3876,
              "state": "passed",
              "speed": "fast",
              "pass": true,
              "fail": false,
              "pending": false,
              "context": null,
              "code": "cy.visit(\"https://www.webdriveruniversity.com\");\ncy.get('#contact-us').invoke('removeAttr', 'target').click({\n  force: true\n});\ncy.go('back');\ncy.get('#to-do-list').invoke('removeAttr', 'target').click();",
              "err": {},
              "uuid": "8d8e0122-e4a1-4dd2-b49d-7715af564e1f",
              "parentUUID": "a7c1ca11-029e-430d-ac03-150e361ea51f",
              "isHook": false,
              "skipped": false
            }
          ],
          "suites": [],
          "passes": [
            "8d8e0122-e4a1-4dd2-b49d-7715af564e1f"
          ],
          "failures": [],
          "pending": [],
          "skipped": [],
          "duration": 3876,
          "root": false,
          "rootEmpty": false,
          "_timeout": 2000
        }
      ],
      "passes": [],
      "failures": [],
      "pending": [],
      "skipped": [],
      "duration": 0,
      "root": true,
      "rootEmpty": true,
      "_timeout": 2000
    },
    {
      "uuid": "00219303-413a-4803-95e2-1f99ce58d088",
      "title": "",
      "fullFile": "cypress\\e2e\\web-driver-university\\checkbox.js",
      "file": "cypress\\e2e\\web-driver-university\\checkbox.js",
      "beforeHooks": [],
      "afterHooks": [],
      "tests": [],
      "suites": [
        {
          "uuid": "d26e8000-a419-4370-b036-7f001f03fb29",
          "title": "Verify checkboxes via webdriveruni",
          "fullFile": "",
          "file": "",
          "beforeHooks": [],
          "afterHooks": [],
          "tests": [
            {
              "title": "Check and validate checkbox",
              "fullTitle": "Verify checkboxes via webdriveruni Check and validate checkbox",
              "timedOut": null,
              "duration": 3390,
              "state": "passed",
              "speed": "fast",
              "pass": true,
              "fail": false,
              "pending": false,
              "context": null,
              "code": "cy.get('#checkboxes').find('input[type=\"checkbox\"]').check(['option-1', 'option-2', 'option-4']);\ncy.get('#checkboxes').find('input[type=\"checkbox\"]').uncheck(['option-3']);",
              "err": {},
              "uuid": "427d5e78-b35b-43ef-baaf-30e6f468d2bd",
              "parentUUID": "d26e8000-a419-4370-b036-7f001f03fb29",
              "isHook": false,
              "skipped": false
            },
            {
              "title": "Check and validate checkbox",
              "fullTitle": "Verify checkboxes via webdriveruni Check and validate checkbox",
              "timedOut": null,
              "duration": 690,
              "state": "passed",
              "speed": "fast",
              "pass": true,
              "fail": false,
              "pending": false,
              "context": null,
              "code": "cy.get('#checkboxes').find('input[type=\"checkbox\"]').eq(2).uncheck().should('not.be.checked');",
              "err": {},
              "uuid": "4ef2813d-106b-485e-9d7e-08442d59bf67",
              "parentUUID": "d26e8000-a419-4370-b036-7f001f03fb29",
              "isHook": false,
              "skipped": false
            }
          ],
          "suites": [],
          "passes": [
            "427d5e78-b35b-43ef-baaf-30e6f468d2bd",
            "4ef2813d-106b-485e-9d7e-08442d59bf67"
          ],
          "failures": [],
          "pending": [],
          "skipped": [],
          "duration": 4080,
          "root": false,
          "rootEmpty": false,
          "_timeout": 2000
        }
      ],
      "passes": [],
      "failures": [],
      "pending": [],
      "skipped": [],
      "duration": 0,
      "root": true,
      "rootEmpty": true,
      "_timeout": 2000
    },
    {
      "uuid": "1fefcf45-32ce-44d7-ad6c-8c3239547264",
      "title": "",
      "fullFile": "cypress\\e2e\\web-driver-university\\contact-us.js",
      "file": "cypress\\e2e\\web-driver-university\\contact-us.js",
      "beforeHooks": [],
      "afterHooks": [],
      "tests": [],
      "suites": [
        {
          "uuid": "82e793b0-a9f4-4976-a514-dcbd4709144e",
          "title": "Test contact us form via webdriverUni",
          "fullFile": "",
          "file": "",
          "beforeHooks": [],
          "afterHooks": [],
          "tests": [
            {
              "title": "Should be able to submit a successful submission via contact us form",
              "fullTitle": "Test contact us form via webdriverUni Should be able to submit a successful submission via contact us form",
              "timedOut": null,
              "duration": 6589,
              "state": "passed",
              "speed": "medium",
              "pass": true,
              "fail": false,
              "pending": false,
              "context": null,
              "code": "contact_us.contactForm_Submission(Cypress.env(\"first_name\"), data.last_name, data.email, \"i just loved the website\", 'h1', 'Thank You for your Message!');",
              "err": {},
              "uuid": "eb7614ee-8a10-44ba-9d9f-8737577f1555",
              "parentUUID": "82e793b0-a9f4-4976-a514-dcbd4709144e",
              "isHook": false,
              "skipped": false
            },
            {
              "title": "Should not be able to submit a successful submission via contact us form as all fields are required",
              "fullTitle": "Test contact us form via webdriverUni Should not be able to submit a successful submission via contact us form as all fields are required",
              "timedOut": null,
              "duration": 2300,
              "state": "passed",
              "speed": "fast",
              "pass": true,
              "fail": false,
              "pending": false,
              "context": null,
              "code": "const contact_us = new _Contact_Us.default();\ncontact_us.contactForm_Submission(data.first_name, data.last_name, \" \", \" \", 'body', 'Error: Invalid email address');",
              "err": {},
              "uuid": "113c2992-e47c-4f5a-8d42-215271fa54f9",
              "parentUUID": "82e793b0-a9f4-4976-a514-dcbd4709144e",
              "isHook": false,
              "skipped": false
            }
          ],
          "suites": [],
          "passes": [
            "eb7614ee-8a10-44ba-9d9f-8737577f1555",
            "113c2992-e47c-4f5a-8d42-215271fa54f9"
          ],
          "failures": [],
          "pending": [],
          "skipped": [],
          "duration": 8889,
          "root": false,
          "rootEmpty": false,
          "_timeout": 2000
        }
      ],
      "passes": [],
      "failures": [],
      "pending": [],
      "skipped": [],
      "duration": 0,
      "root": true,
      "rootEmpty": true,
      "_timeout": 2000
    },
    {
      "uuid": "4cb177b3-907f-414c-a477-8fbdcc8eeffd",
      "title": "",
      "fullFile": "cypress\\e2e\\web-driver-university\\datapickers.js",
      "file": "cypress\\e2e\\web-driver-university\\datapickers.js",
      "beforeHooks": [],
      "afterHooks": [],
      "tests": [],
      "suites": [
        {
          "uuid": "60c9eb4f-c62a-44a8-8f9c-8be6f134bd82",
          "title": "Test datepicker via webdriveruni",
          "fullFile": "",
          "file": "",
          "beforeHooks": [],
          "afterHooks": [],
          "tests": [
            {
              "title": "Select date from the datepicker",
              "fullTitle": "Test datepicker via webdriveruni Select date from the datepicker",
              "timedOut": null,
              "duration": 18555,
              "state": "passed",
              "speed": "slow",
              "pass": true,
              "fail": false,
              "pending": false,
              "context": null,
              "code": "cy.visit('http://www.webdriveruniversity.com/');\ncy.get('#datepicker').invoke('removeAttr', 'target').click({\n  force: true\n});\ncy.get('#datepicker').click();\n// let date = new Date();\n// date.setDate(date.getDate());\n// cy.log(date.getDate());\n// let futureDate = new Date();\n// futureDate.setDate(futureDate.getDate() + 5);\n// cy.log(futureDate.getDate());\nvar date = new Date();\ndate.setDate(date.getDate() + 720);\nvar futureYear = date.getFullYear();\nvar futureMonth = date.toLocaleString(\"en-Us\", {\n  month: \"long\"\n});\nvar futureDay = date.getDate();\ncy.log(\"Date: \" + date);\ncy.log(\"Future year to select: \" + futureYear);\ncy.log(\"Future month to select: \" + futureMonth);\ncy.log(\"Future day to select: \" + futureDay);\nfunction selectMonthAndYear() {\n  cy.get('.datepicker-dropdown').find('.datepicker-switch').first().then(currentDate => {\n    if (!currentDate.text().includes(futureYear) || !currentDate.text().includes(futureMonth)) {\n      cy.get('.next').first().click();\n      cy.wait(500);\n      selectMonthAndYear();\n    }\n  });\n}\nfunction selectFutureDay() {\n  cy.get('.day').contains(futureDay).click();\n}\nselectMonthAndYear();\nselectFutureDay();",
              "err": {},
              "uuid": "c939d481-34c7-4107-a0da-ad6887672dfb",
              "parentUUID": "60c9eb4f-c62a-44a8-8f9c-8be6f134bd82",
              "isHook": false,
              "skipped": false
            }
          ],
          "suites": [],
          "passes": [
            "c939d481-34c7-4107-a0da-ad6887672dfb"
          ],
          "failures": [],
          "pending": [],
          "skipped": [],
          "duration": 18555,
          "root": false,
          "rootEmpty": false,
          "_timeout": 2000
        }
      ],
      "passes": [],
      "failures": [],
      "pending": [],
      "skipped": [],
      "duration": 0,
      "root": true,
      "rootEmpty": true,
      "_timeout": 2000
    },
    {
      "uuid": "b02ea12c-c916-44dc-8a91-ccc56aba8c62",
      "title": "",
      "fullFile": "cypress\\e2e\\web-driver-university\\dropdown-list.js",
      "file": "cypress\\e2e\\web-driver-university\\dropdown-list.js",
      "beforeHooks": [],
      "afterHooks": [],
      "tests": [],
      "suites": [
        {
          "uuid": "2e4ab430-709f-4888-af17-adbbc8321594",
          "title": "Verify dropdown list via webdriveruni",
          "fullFile": "",
          "file": "",
          "beforeHooks": [],
          "afterHooks": [],
          "tests": [
            {
              "title": "Check and validate a dropdown list",
              "fullTitle": "Verify dropdown list via webdriveruni Check and validate a dropdown list",
              "timedOut": null,
              "duration": 3296,
              "state": "passed",
              "speed": "fast",
              "pass": true,
              "fail": false,
              "pending": false,
              "context": null,
              "code": "cy.get('#dropdowm-menu-1').select('c#');\ncy.get('#dropdowm-menu-2').select('testng').should('have.value', 'testng');\ncy.get('#dropdowm-menu-3').select('jquery').should('have.value', 'jquery');\ncy.get('#dropdowm-menu-2').select('maven').should('have.value', 'maven');",
              "err": {},
              "uuid": "2140d21f-e38c-49ac-9a16-4405ad8a03a8",
              "parentUUID": "2e4ab430-709f-4888-af17-adbbc8321594",
              "isHook": false,
              "skipped": false
            }
          ],
          "suites": [],
          "passes": [
            "2140d21f-e38c-49ac-9a16-4405ad8a03a8"
          ],
          "failures": [],
          "pending": [],
          "skipped": [],
          "duration": 3296,
          "root": false,
          "rootEmpty": false,
          "_timeout": 2000
        }
      ],
      "passes": [],
      "failures": [],
      "pending": [],
      "skipped": [],
      "duration": 0,
      "root": true,
      "rootEmpty": true,
      "_timeout": 2000
    },
    {
      "uuid": "35c17bcc-04c8-460b-b77c-70d79896931e",
      "title": "",
      "fullFile": "cypress\\e2e\\web-driver-university\\hadling-datas.js",
      "file": "cypress\\e2e\\web-driver-university\\hadling-datas.js",
      "beforeHooks": [],
      "afterHooks": [],
      "tests": [],
      "suites": [
        {
          "uuid": "fb1cdad8-ef29-477a-a3be-a4c6457fc605",
          "title": "Handlig data via webdriveuni",
          "fullFile": "",
          "file": "",
          "beforeHooks": [],
          "afterHooks": [],
          "tests": [
            {
              "title": "Found the age of a user by his last name",
              "fullTitle": "Handlig data via webdriveuni Found the age of a user by his last name",
              "timedOut": null,
              "duration": 3038,
              "state": "passed",
              "speed": "fast",
              "pass": true,
              "fail": false,
              "pending": false,
              "context": null,
              "code": "cy.get('#thumbnail-1 tr td:nth-child(2)').each(($el, index, $list) => {\n  const text = $el.text();\n  if (text == \"Woods\") {\n    cy.get('#thumbnail-1 tr td:nth-child(3)').eq(index).then(age => {\n      const userAge = age.text();\n      expect(userAge).to.equal(\"80\");\n    });\n  }\n});",
              "err": {},
              "uuid": "4e6fad17-0627-45aa-97b0-36f86215ab80",
              "parentUUID": "fb1cdad8-ef29-477a-a3be-a4c6457fc605",
              "isHook": false,
              "skipped": false
            }
          ],
          "suites": [],
          "passes": [
            "4e6fad17-0627-45aa-97b0-36f86215ab80"
          ],
          "failures": [],
          "pending": [],
          "skipped": [],
          "duration": 3038,
          "root": false,
          "rootEmpty": false,
          "_timeout": 2000
        }
      ],
      "passes": [],
      "failures": [],
      "pending": [],
      "skipped": [],
      "duration": 0,
      "root": true,
      "rootEmpty": true,
      "_timeout": 2000
    },
    {
      "uuid": "2fceec4a-e9b3-4d76-b1a9-a14edd335fe6",
      "title": "",
      "fullFile": "cypress\\e2e\\web-driver-university\\iframe.js",
      "file": "cypress\\e2e\\web-driver-university\\iframe.js",
      "beforeHooks": [],
      "afterHooks": [],
      "tests": [],
      "suites": [
        {
          "uuid": "18d9efae-e92f-4656-9ca0-e15ab4c0bc3b",
          "title": "Handling IFrame and modals",
          "fullFile": "",
          "file": "",
          "beforeHooks": [],
          "afterHooks": [],
          "tests": [
            {
              "title": "Should be able to submit a successful submission via contact us form",
              "fullTitle": "Handling IFrame and modals Should be able to submit a successful submission via contact us form",
              "timedOut": null,
              "duration": 3728,
              "state": "passed",
              "speed": "fast",
              "pass": true,
              "fail": false,
              "pending": false,
              "context": null,
              "code": "cy.visit(\"https://www.webdriveruniversity.com\");\ncy.get('#iframe').invoke('removeAttr', 'target').click({\n  force: true\n});\ncy.get('#frame').then($iframe => {\n  const body = $iframe.contents().find('body');\n  cy.wrap(body).as('iframe');\n});\ncy.get('@iframe').find('#button-find-out-more').click();\ncy.get('@iframe').find('#myModal').as('modal');\ncy.get('@modal').should('contain', 'Welcome to webdriveruniversity.com we sell a wide range of electrical goods such as laptops, game consoles, cameras...');\ncy.get('@modal').contains('Close').click();",
              "err": {},
              "uuid": "9f505bf5-4a8d-486a-92be-9d1369c99747",
              "parentUUID": "18d9efae-e92f-4656-9ca0-e15ab4c0bc3b",
              "isHook": false,
              "skipped": false
            }
          ],
          "suites": [],
          "passes": [
            "9f505bf5-4a8d-486a-92be-9d1369c99747"
          ],
          "failures": [],
          "pending": [],
          "skipped": [],
          "duration": 3728,
          "root": false,
          "rootEmpty": false,
          "_timeout": 2000
        }
      ],
      "passes": [],
      "failures": [],
      "pending": [],
      "skipped": [],
      "duration": 0,
      "root": true,
      "rootEmpty": true,
      "_timeout": 2000
    },
    {
      "uuid": "45cf7a01-6b7d-4864-a4f0-be7bcf605efc",
      "title": "",
      "fullFile": "cypress\\e2e\\web-driver-university\\radio-button.js",
      "file": "cypress\\e2e\\web-driver-university\\radio-button.js",
      "beforeHooks": [],
      "afterHooks": [],
      "tests": [],
      "suites": [
        {
          "uuid": "cc3e045d-2638-42d1-9258-bde5677deb6e",
          "title": "Verify radio buttns via webdriveruni",
          "fullFile": "",
          "file": "",
          "beforeHooks": [],
          "afterHooks": [],
          "tests": [
            {
              "title": "Check a specific radio buttons",
              "fullTitle": "Verify radio buttns via webdriveruni Check a specific radio buttons",
              "timedOut": null,
              "duration": 2827,
              "state": "passed",
              "speed": "fast",
              "pass": true,
              "fail": false,
              "pending": false,
              "context": null,
              "code": "cy.get('#radio-buttons').find('input[type=\"radio\"]').check('orange');",
              "err": {},
              "uuid": "49511a33-9c75-47ca-99b1-810a17b288e7",
              "parentUUID": "cc3e045d-2638-42d1-9258-bde5677deb6e",
              "isHook": false,
              "skipped": false
            },
            {
              "title": "Check and validate a specific radio buttons",
              "fullTitle": "Verify radio buttns via webdriveruni Check and validate a specific radio buttons",
              "timedOut": null,
              "duration": 674,
              "state": "passed",
              "speed": "fast",
              "pass": true,
              "fail": false,
              "pending": false,
              "context": null,
              "code": "cy.get('[value=\"lettuce\"]').should('not.be.checked');\ncy.get('[value=\"pumpkin\"]').should('be.checked');\ncy.get('[value=\"cabbage\"]').should('be.disabled');\ncy.get('[value=\"lettuce\"]').check();\ncy.get('[value=\"lettuce\"]').should('be.checked');\ncy.get('[value=\"pumpkin\"]').should('not.be.checked');",
              "err": {},
              "uuid": "78d29810-704d-47fe-b8d6-9bb6db711b3c",
              "parentUUID": "cc3e045d-2638-42d1-9258-bde5677deb6e",
              "isHook": false,
              "skipped": false
            }
          ],
          "suites": [],
          "passes": [
            "49511a33-9c75-47ca-99b1-810a17b288e7",
            "78d29810-704d-47fe-b8d6-9bb6db711b3c"
          ],
          "failures": [],
          "pending": [],
          "skipped": [],
          "duration": 3501,
          "root": false,
          "rootEmpty": false,
          "_timeout": 2000
        }
      ],
      "passes": [],
      "failures": [],
      "pending": [],
      "skipped": [],
      "duration": 0,
      "root": true,
      "rootEmpty": true,
      "_timeout": 2000
    },
    {
      "uuid": "9b541ae6-3d30-406d-9007-b8dbd934b51b",
      "title": "",
      "fullFile": "cypress\\e2e\\web-driver-university\\scroll-actions.js",
      "file": "cypress\\e2e\\web-driver-university\\scroll-actions.js",
      "beforeHooks": [],
      "afterHooks": [],
      "tests": [],
      "suites": [
        {
          "uuid": "fa2273f4-fa85-4f52-97af-d1b639c433f6",
          "title": "Test mouse actions",
          "fullFile": "",
          "file": "",
          "beforeHooks": [],
          "afterHooks": [],
          "tests": [
            {
              "title": "I should be able to click and holddown a specific item",
              "fullTitle": "Test mouse actions I should be able to click and holddown a specific item",
              "timedOut": null,
              "duration": 2685,
              "state": "passed",
              "speed": "fast",
              "pass": true,
              "fail": false,
              "pending": false,
              "context": null,
              "code": "cy.visit(\"https://www.webdriveruniversity.com\");\ncy.get('#actions').scrollIntoView().invoke('removeAttr', 'target').click({\n  force: true\n});\ncy.get('#click-box').trigger('mousedown', {\n  which: 1\n}).then($element => {\n  expect($element).to.have.text('Well done! keep holding that click now.....');\n});",
              "err": {},
              "uuid": "727e82fc-def3-490d-8efd-ad9dc44e9c4b",
              "parentUUID": "fa2273f4-fa85-4f52-97af-d1b639c433f6",
              "isHook": false,
              "skipped": false
            }
          ],
          "suites": [],
          "passes": [
            "727e82fc-def3-490d-8efd-ad9dc44e9c4b"
          ],
          "failures": [],
          "pending": [],
          "skipped": [],
          "duration": 2685,
          "root": false,
          "rootEmpty": false,
          "_timeout": 2000
        }
      ],
      "passes": [],
      "failures": [],
      "pending": [],
      "skipped": [],
      "duration": 0,
      "root": true,
      "rootEmpty": true,
      "_timeout": 2000
    },
    {
      "uuid": "a692e999-cf74-412d-b5e9-8d90aa53287a",
      "title": "",
      "fullFile": "cypress\\e2e\\web-driver-university\\selectors.js",
      "file": "cypress\\e2e\\web-driver-university\\selectors.js",
      "beforeHooks": [],
      "afterHooks": [],
      "tests": [],
      "suites": [
        {
          "uuid": "c87e78ac-a924-4a18-a56e-383be9b3d3ff",
          "title": "Selector examples",
          "fullFile": "",
          "file": "",
          "beforeHooks": [],
          "afterHooks": [],
          "tests": [
            {
              "title": "Examples of Selectors via WebdriverUni Contact Us Page",
              "fullTitle": "Selector examples Examples of Selectors via WebdriverUni Contact Us Page",
              "timedOut": null,
              "duration": 1354,
              "state": "passed",
              "speed": "fast",
              "pass": true,
              "fail": false,
              "pending": false,
              "context": null,
              "code": "cy.visit(\"http://www.webdriveruniversity.com/Contact-Us/contactus.html\");\n//By tag name\ncy.get(\"input\");\n//By attribute name and value\ncy.get(\"input[name='first_name']\");\n//By id\ncy.get(\"#contact_me\");\n//By class\ncy.get(\".feedback-input\");\n//By multiple classes\ncy.get(\"[class='navbar navbar-inverse navbar-fixed-top']\");\n//By two different attributes\ncy.get(\"[name='email'][placeholder='Email Address']\");\n//By xpath\ncy.xpath(\"//input[@name='first_name']\");",
              "err": {},
              "uuid": "6cb6ce45-e43a-43d1-8c42-9d8546a35e87",
              "parentUUID": "c87e78ac-a924-4a18-a56e-383be9b3d3ff",
              "isHook": false,
              "skipped": false
            }
          ],
          "suites": [],
          "passes": [
            "6cb6ce45-e43a-43d1-8c42-9d8546a35e87"
          ],
          "failures": [],
          "pending": [],
          "skipped": [],
          "duration": 1354,
          "root": false,
          "rootEmpty": false,
          "_timeout": 2000
        }
      ],
      "passes": [],
      "failures": [],
      "pending": [],
      "skipped": [],
      "duration": 0,
      "root": true,
      "rootEmpty": true,
      "_timeout": 2000
    },
    {
      "uuid": "9f8222bc-9089-4b82-99d6-d3175f5b9c55",
      "title": "",
      "fullFile": "cypress\\e2e\\web-driver-university\\traversing-elements.js",
      "file": "cypress\\e2e\\web-driver-university\\traversing-elements.js",
      "beforeHooks": [],
      "afterHooks": [],
      "tests": [],
      "suites": [
        {
          "uuid": "d8d42fe6-0823-4fe8-a4a7-353b10bfcade",
          "title": "Traversing DOM elements in Cypress",
          "fullFile": "",
          "file": "",
          "beforeHooks": [],
          "afterHooks": [],
          "tests": [
            {
              "title": "siblings() To get all sibling DOM elements of elements",
              "fullTitle": "Traversing DOM elements in Cypress siblings() To get all sibling DOM elements of elements",
              "timedOut": null,
              "duration": 2518,
              "state": "passed",
              "speed": "fast",
              "pass": true,
              "fail": false,
              "pending": false,
              "context": null,
              "code": "cy.get('.btn-group > .active').siblings().should('have.length', 3);",
              "err": {},
              "uuid": "b510cc55-7abc-4d2e-83fe-c0cf3e686a2c",
              "parentUUID": "d8d42fe6-0823-4fe8-a4a7-353b10bfcade",
              "isHook": false,
              "skipped": false
            }
          ],
          "suites": [],
          "passes": [
            "b510cc55-7abc-4d2e-83fe-c0cf3e686a2c"
          ],
          "failures": [],
          "pending": [],
          "skipped": [],
          "duration": 2518,
          "root": false,
          "rootEmpty": false,
          "_timeout": 2000
        }
      ],
      "passes": [],
      "failures": [],
      "pending": [],
      "skipped": [],
      "duration": 0,
      "root": true,
      "rootEmpty": true,
      "_timeout": 2000
    },
    {
      "uuid": "17fdb9cb-840b-48b1-885b-7897f8ad415a",
      "title": "",
      "fullFile": "cypress\\e2e\\web-driver-university\\upload-files.js",
      "file": "cypress\\e2e\\web-driver-university\\upload-files.js",
      "beforeHooks": [],
      "afterHooks": [],
      "tests": [],
      "suites": [
        {
          "uuid": "53134100-23b4-4c00-a62a-ce868859e76b",
          "title": "Test file upload via webdriveruni",
          "fullFile": "",
          "file": "",
          "beforeHooks": [],
          "afterHooks": [],
          "tests": [
            {
              "title": "Upload a file",
              "fullTitle": "Test file upload via webdriveruni Upload a file",
              "timedOut": null,
              "duration": 3204,
              "state": "passed",
              "speed": "fast",
              "pass": true,
              "fail": false,
              "pending": false,
              "context": null,
              "code": "cy.get('#myFile').selectFile('cypress/fixtures/example.json');\ncy.get('#submit-button').click();",
              "err": {},
              "uuid": "8ec31eb3-17bc-4999-a3a9-46668fc8810d",
              "parentUUID": "53134100-23b4-4c00-a62a-ce868859e76b",
              "isHook": false,
              "skipped": false
            },
            {
              "title": "Upload no file",
              "fullTitle": "Test file upload via webdriveruni Upload no file",
              "timedOut": null,
              "duration": 784,
              "state": "passed",
              "speed": "fast",
              "pass": true,
              "fail": false,
              "pending": false,
              "context": null,
              "code": "cy.get('#submit-button').click();\ncy.on('window:alert', str => {\n  return true;\n});",
              "err": {},
              "uuid": "3a867851-07a7-4334-bb51-fb49ced461b2",
              "parentUUID": "53134100-23b4-4c00-a62a-ce868859e76b",
              "isHook": false,
              "skipped": false
            }
          ],
          "suites": [],
          "passes": [
            "8ec31eb3-17bc-4999-a3a9-46668fc8810d",
            "3a867851-07a7-4334-bb51-fb49ced461b2"
          ],
          "failures": [],
          "pending": [],
          "skipped": [],
          "duration": 3988,
          "root": false,
          "rootEmpty": false,
          "_timeout": 2000
        }
      ],
      "passes": [],
      "failures": [],
      "pending": [],
      "skipped": [],
      "duration": 0,
      "root": true,
      "rootEmpty": true,
      "_timeout": 2000
    }
  ],
  "meta": {
    "mocha": {
      "version": "7.0.1"
    },
    "mochawesome": {
      "options": {
        "quiet": false,
        "reportFilename": "mochawesome",
        "saveHtml": false,
        "saveJson": true,
        "consoleReporter": "spec",
        "useInlineDiffs": false,
        "code": true
      },
      "version": "7.1.3"
    },
    "marge": {
      "options": {
        "id": "default",
        "reportDir": "cypress/results/mochawesome",
        "quite": true,
        "overwrite": false,
        "html": false,
        "json": true
      },
      "version": "6.2.0"
    }
  }
}